Making calibration images..
Vai_q_tensorflow v1.2.0 build for Tensorflow 1.15.2
INFO: Checking Float Graph...
number of calibration images :  1228
[0, 1, 2, 3, 4, 5, 6, 7, 8, 9, 10, 11, 12, 13, 14, 15, 16, 17, 18, 19, 20, 21, 22, 23, 24, 25, 26, 27, 28, 29, 30, 31, 32, 33, 34, 35, 36, 37, 38, 39, 40, 41, 42, 43, 44, 45, 46, 47, 48, 49, 50, 51, 52, 53, 54, 55, 56, 57, 58, 59, 60, 61, 62, 63, 64, 65, 66, 67, 68, 69, 70, 71, 72, 73, 74, 75, 76, 77, 78, 79, 80, 81, 82, 83, 84, 85, 86, 87, 88, 89, 90, 91, 92, 93, 94, 95, 96, 97, 98, 99, 100, 101, 102, 103, 104, 105, 106, 107, 108, 109, 110, 111, 112, 113, 114, 115, 116, 117, 118, 119, 120, 121, 122, 123, 124, 125, 126, 127, 128, 129, 130, 131, 132, 133, 134, 135, 136, 137, 138, 139, 140, 141, 142, 143, 144, 145, 146, 147, 148, 149, 150, 151, 152, 153, 154, 155, 156, 157, 158, 159, 160, 161, 162, 163, 164, 165, 166, 167, 168, 169, 170, 171, 172, 173, 174, 175, 176, 177, 178, 179, 180, 181, 182, 183, 184, 185, 186, 187, 188, 189, 190, 191, 192, 193, 194, 195, 196, 197, 198, 199, 200, 201, 202, 203, 204, 205, 206, 207, 208, 209, 210, 211, 212, 213, 214, 215, 216, 217, 218, 219, 220, 221, 222, 223, 224, 225, 226, 227, 228, 229, 230, 231, 232, 233, 234, 235, 236, 237, 238, 239, 240, 241, 242, 243, 244, 245, 246, 247, 248, 249, 250, 251, 252, 253, 254, 255, 256, 257, 258, 259, 260, 261, 262, 263, 264, 265, 266, 267, 268, 269, 270, 271, 272, 273, 274, 275, 276, 277, 278, 279, 280, 281, 282, 283, 284, 285, 286, 287, 288, 289, 290, 291, 292, 293, 294, 295, 296, 297, 298, 299, 300, 301, 302, 303, 304, 305, 306]
./calib_images/6 (12).jpg
./calib_images/080.jpg
./calib_images/4 (104).jpg
./calib_images/6 (2).jpg
./calib_images/8 (49).jpg
./calib_images/2 (88).jpg
./calib_images/10 (53).jpg
./calib_images/2 (111).jpg
./calib_images/5 (59).jpg
./calib_images/8 (126).jpg
./calib_images/5 (32).jpg
./calib_images/6 (38).jpg
./calib_images/8 (114).jpg
./calib_images/10 (89).jpg
./calib_images/9 (13).jpg
./calib_images/126.jpg
./calib_images/3 (49).jpg
./calib_images/4 (91).jpg
./calib_images/058.jpg
./calib_images/6 (56).jpg
./calib_images/2.jpg
./calib_images/5 (73).jpg
./calib_images/9 (88).jpg
./calib_images/4 (70).jpg
./calib_images/9 (77).jpg
./calib_images/6 (64).jpg
./calib_images/8 (53).jpg
./calib_images/3 (90).jpg
./calib_images/10 (118).jpg
./calib_images/8 (42).jpg
./calib_images/4 (4).jpg
./calib_images/10 (106).jpg
./calib_images/4 (120).jpg
./calib_images/10 (96).jpg
./calib_images/6 (55).jpg
./calib_images/3 (152).jpg
./calib_images/5 (4).jpg
./calib_images/4 (60).jpg
./calib_images/045.jpg
./calib_images/6 (42).jpg
./calib_images/8 (123).jpg
./calib_images/5 (108).jpg
./calib_images/3 (56).jpg
./calib_images/2 (89).jpg
./calib_images/10 (144).jpg
./calib_images/3 (73).jpg
./calib_images/3 (33).jpg
./calib_images/10 (42).jpg
./calib_images/10 (39).jpg
./calib_images/3 (44).jpg
./calib_images/8 (84).jpg
./calib_images/8 (89).jpg
./calib_images/2 (112).jpg
./calib_images/4 (111).jpg
./calib_images/6 (21).jpg
./calib_images/9 (16).jpg
./calib_images/6 (29).jpg
./calib_images/4 (124).jpg
./calib_images/3 (84).jpg
./calib_images/040.jpg
./calib_images/5 (50).jpg
./calib_images/007.jpg
./calib_images/9 (11).jpg
./calib_images/024.jpg
./calib_images/5 (81).jpg
./calib_images/3 (69).jpg
./calib_images/10 (57).jpg
./calib_images/9 (24).jpg
./calib_images/4 (102).jpg
./calib_images/089.jpg
./calib_images/001.jpg
./calib_images/8 (52).jpg
./calib_images/9 (127).jpg
./calib_images/4 (118).jpg
./calib_images/9 (44).jpg
./calib_images/10 (32).jpg
./calib_images/3 (142).jpg
./calib_images/9 (117).jpg
./calib_images/4 (26).jpg
./calib_images/10 (70).jpg
./calib_images/10 (26).jpg
./calib_images/3 (42).jpg
./calib_images/3 (95).jpg
./calib_images/10 (125).jpg
./calib_images/10 (7).jpg
./calib_images/8 (122).jpg
./calib_images/5.jpg
./calib_images/8 (9).jpg
./calib_images/6 (8).jpg
./calib_images/4 (36).jpg
./calib_images/8 (58).jpg
./calib_images/8 (35).jpg
./calib_images/2 (129).jpg
./calib_images/10 (44).jpg
./calib_images/026.jpg
./calib_images/3 (129).jpg
./calib_images/114.jpg
./calib_images/6 (59).jpg
./calib_images/4 (68).jpg
./calib_images/2 (77).jpg
./calib_images/4 (3).jpg
./calib_images/9 (47).jpg
./calib_images/2 (2).jpg
./calib_images/112.jpg
./calib_images/5 (67).jpg
./calib_images/8 (95).jpg
./calib_images/8 (43).jpg
./calib_images/4 (40).jpg
./calib_images/3 (160).jpg
./calib_images/10 (110).jpg
./calib_images/10 (148).jpg
./calib_images/3 (78).jpg
./calib_images/5 (24).jpg
./calib_images/2 (121).jpg
./calib_images/10 (66).jpg
./calib_images/10 (30).jpg
./calib_images/3 (70).jpg
./calib_images/4 (71).jpg
./calib_images/9 (51).jpg
./calib_images/3 (155).jpg
./calib_images/3 (138).jpg
./calib_images/3 (116).jpg
./calib_images/4 (6).jpg
./calib_images/4 (50).jpg
./calib_images/6 (6).jpg
./calib_images/5 (54).jpg
./calib_images/4 (85).jpg
./calib_images/2 (124).jpg
./calib_images/4 (83).jpg
./calib_images/9 (72).jpg
./calib_images/10 (103).jpg
./calib_images/3 (158).jpg
./calib_images/097.jpg
./calib_images/5 (90).jpg
./calib_images/3 (17).jpg
./calib_images/3 (20).jpg
./calib_images/5 (17).jpg
./calib_images/3 (105).jpg
./calib_images/2 (30).jpg
./calib_images/032.jpg
./calib_images/2 (85).jpg
./calib_images/8 (108).jpg
./calib_images/4 (21).jpg
./calib_images/10 (161).jpg
./calib_images/10 (20).jpg
./calib_images/2 (117).jpg
./calib_images/9 (113).jpg
./calib_images/2 (110).jpg
./calib_images/8 (68).jpg
./calib_images/9 (105).jpg
./calib_images/8 (51).jpg
./calib_images/9 (56).jpg
./calib_images/2 (23).jpg
./calib_images/068.jpg
./calib_images/130.jpg
./calib_images/8 (75).jpg
./calib_images/2 (10).jpg
./calib_images/2 (57).jpg
./calib_images/6 (24).jpg
./calib_images/10 (17).jpg
./calib_images/8 (128).jpg
./calib_images/9 (66).jpg
./calib_images/038.jpg
./calib_images/5 (96).jpg
./calib_images/9 (23).jpg
./calib_images/8 (99).jpg
./calib_images/2 (58).jpg
./calib_images/8 (120).jpg
./calib_images/3 (156).jpg
./calib_images/2 (104).jpg
./calib_images/6 (32).jpg
./calib_images/10 (23).jpg
./calib_images/2 (43).jpg
./calib_images/2 (73).jpg
./calib_images/5 (29).jpg
./calib_images/9 (17).jpg
./calib_images/6 (15).jpg
./calib_images/3 (118).jpg
./calib_images/4 (114).jpg
./calib_images/9 (87).jpg
./calib_images/2 (65).jpg
./calib_images/9 (29).jpg
./calib_images/3 (154).jpg
./calib_images/2 (103).jpg
./calib_images/6 (66).jpg
./calib_images/9 (130).jpg
./calib_images/3 (102).jpg
./calib_images/9 (49).jpg
./calib_images/10 (14).jpg
./calib_images/10 (3).jpg
./calib_images/9 (119).jpg
./calib_images/10 (94).jpg
./calib_images/10 (152).jpg
./calib_images/8 (10).jpg
./calib_images/3 (140).jpg
./calib_images/6 (37).jpg
./calib_images/4 (74).jpg
./calib_images/10 (69).jpg
./calib_images/8 (90).jpg
./calib_images/4 (34).jpg
./calib_images/4 (75).jpg
./calib_images/4 (105).jpg
./calib_images/9 (103).jpg
./calib_images/6 (49).jpg
./calib_images/4 (53).jpg
./calib_images/077.jpg
./calib_images/6 (39).jpg
./calib_images/5 (15).jpg
./calib_images/4 (80).jpg
./calib_images/9 (40).jpg
./calib_images/2 (144).jpg
./calib_images/2 (114).jpg
./calib_images/2 (68).jpg
./calib_images/10 (149).jpg
./calib_images/5 (25).jpg
./calib_images/2 (122).jpg
./calib_images/5 (53).jpg
./calib_images/088.jpg
./calib_images/2 (80).jpg
./calib_images/2 (46).jpg
./calib_images/8 (32).jpg
./calib_images/4 (90).jpg
./calib_images/3 (65).jpg
./calib_images/3 (76).jpg
./calib_images/6 (97).jpg
./calib_images/5 (64).jpg
./calib_images/10 (88).jpg
./calib_images/10 (67).jpg
./calib_images/10 (132).jpg
./calib_images/4.jpg
./calib_images/8 (18).jpg
./calib_images/9 (81).jpg
./calib_images/3 (114).jpg
./calib_images/3 (109).jpg
./calib_images/4 (107).jpg
./calib_images/3 (149).jpg
./calib_images/4 (93).jpg
./calib_images/4 (92).jpg
./calib_images/8 (106).jpg
./calib_images/5 (69).jpg
./calib_images/3 (43).jpg
./calib_images/8 (16).jpg
./calib_images/2 (135).jpg
./calib_images/10 (91).jpg
./calib_images/10 (120).jpg
./calib_images/5 (87).jpg
./calib_images/5 (99).jpg
./calib_images/4 (27).jpg
./calib_images/4 (109).jpg
./calib_images/5 (84).jpg
./calib_images/3 (66).jpg
./calib_images/8 (34).jpg
./calib_images/8 (66).jpg
./calib_images/4 (82).jpg
./calib_images/9 (15).jpg
./calib_images/028.jpg
./calib_images/2 (25).jpg
./calib_images/3 (107).jpg2020-12-05 14:00:45.893955: W tensorflow/core/framework/cpu_allocator_impl.cc:81] Allocation of 1556160896 exceeds 10% of system memory.
                                                                               N/A% (0 of 2) |                          | Elapsed Time: 0:00:00 ETA:  --:--:--
./calib_images/8 (102).jpg
./calib_images/8 (30).jpg
./calib_images/2 (51).jpg
./calib_images/4 (38).jpg
./calib_images/062.jpg
./calib_images/10 (65).jpg
./calib_images/10 (115).jpg
./calib_images/3 (5).jpg
./calib_images/10 (109).jpg
./calib_images/4 (31).jpg
./calib_images/4 (11).jpg
./calib_images/2 (1).jpg
./calib_images/5 (22).jpg
./calib_images/2 (134).jpg
./calib_images/3 (110).jpg
./calib_images/6 (108).jpg
./calib_images/10 (72).jpg
./calib_images/3 (148).jpg
./calib_images/10 (60).jpg
./calib_images/052.jpg
./calib_images/6 (62).jpg
./calib_images/8 (71).jpg
./calib_images/4 (43).jpg
./calib_images/8 (40).jpg
./calib_images/10 (78).jpg
./calib_images/3 (35).jpg
./calib_images/6 (65).jpg
./calib_images/5 (33).jpg
./calib_images/094.jpg
./calib_images/6 (96).jpg
./calib_images/3 (136).jpg
./calib_images/6 (52).jpg
./calib_images/5 (55).jpg
./calib_images/2 (38).jpg
./calib_images/5 (47).jpg
./calib_images/5 (3).jpg
./calib_images/4 (106).jpg
./calib_images/3 (150).jpg
./calib_images/2 (128).jpg
./calib_images/091.jpg
./calib_images/4 (49).jpg
./calib_images/3 (86).jpg
./calib_images/9 (132).jpg
./calib_images/2 (7).jpg
./calib_images/4 (108).jpg
./calib_images/3 (72).jpg
./calib_images/3 (6).jpg
./calib_images/9 (67).jpg
./calib_images/4 (16).jpg
INFO: Float Graph Check Done.
INFO: Calibrating for 2 iterations...
number of calibration images :  1228
[0, 1, 2, 3, 4, 5, 6, 7, 8, 9, 10, 11, 12, 13, 14, 15, 16, 17, 18, 19, 20, 21, 22, 23, 24, 25, 26, 27, 28, 29, 30, 31, 32, 33, 34, 35, 36, 37, 38, 39, 40, 41, 42, 43, 44, 45, 46, 47, 48, 49, 50, 51, 52, 53, 54, 55, 56, 57, 58, 59, 60, 61, 62, 63, 64, 65, 66, 67, 68, 69, 70, 71, 72, 73, 74, 75, 76, 77, 78, 79, 80, 81, 82, 83, 84, 85, 86, 87, 88, 89, 90, 91, 92, 93, 94, 95, 96, 97, 98, 99, 100, 101, 102, 103, 104, 105, 106, 107, 108, 109, 110, 111, 112, 113, 114, 115, 116, 117, 118, 119, 120, 121, 122, 123, 124, 125, 126, 127, 128, 129, 130, 131, 132, 133, 134, 135, 136, 137, 138, 139, 140, 141, 142, 143, 144, 145, 146, 147, 148, 149, 150, 151, 152, 153, 154, 155, 156, 157, 158, 159, 160, 161, 162, 163, 164, 165, 166, 167, 168, 169, 170, 171, 172, 173, 174, 175, 176, 177, 178, 179, 180, 181, 182, 183, 184, 185, 186, 187, 188, 189, 190, 191, 192, 193, 194, 195, 196, 197, 198, 199, 200, 201, 202, 203, 204, 205, 206, 207, 208, 209, 210, 211, 212, 213, 214, 215, 216, 217, 218, 219, 220, 221, 222, 223, 224, 225, 226, 227, 228, 229, 230, 231, 232, 233, 234, 235, 236, 237, 238, 239, 240, 241, 242, 243, 244, 245, 246, 247, 248, 249, 250, 251, 252, 253, 254, 255, 256, 257, 258, 259, 260, 261, 262, 263, 264, 265, 266, 267, 268, 269, 270, 271, 272, 273, 274, 275, 276, 277, 278, 279, 280, 281, 282, 283, 284, 285, 286, 287, 288, 289, 290, 291, 292, 293, 294, 295, 296, 297, 298, 299, 300, 301, 302, 303, 304, 305, 306]
./calib_images/6 (12).jpg
./calib_images/080.jpg
./calib_images/4 (104).jpg
./calib_images/6 (2).jpg
./calib_images/8 (49).jpg
./calib_images/2 (88).jpg
./calib_images/10 (53).jpg
./calib_images/2 (111).jpg
./calib_images/5 (59).jpg
./calib_images/8 (126).jpg
./calib_images/5 (32).jpg
./calib_images/6 (38).jpg
./calib_images/8 (114).jpg
./calib_images/10 (89).jpg
./calib_images/9 (13).jpg
./calib_images/126.jpg
./calib_images/3 (49).jpg
./calib_images/4 (91).jpg
./calib_images/058.jpg
./calib_images/6 (56).jpg
./calib_images/2.jpg
./calib_images/5 (73).jpg
./calib_images/9 (88).jpg
./calib_images/4 (70).jpg
./calib_images/9 (77).jpg
./calib_images/6 (64).jpg
./calib_images/8 (53).jpg
./calib_images/3 (90).jpg
./calib_images/10 (118).jpg
./calib_images/8 (42).jpg
./calib_images/4 (4).jpg
./calib_images/10 (106).jpg
./calib_images/4 (120).jpg
./calib_images/10 (96).jpg
./calib_images/6 (55).jpg
./calib_images/3 (152).jpg
./calib_images/5 (4).jpg
./calib_images/4 (60).jpg
./calib_images/045.jpg
./calib_images/6 (42).jpg
./calib_images/8 (123).jpg
./calib_images/5 (108).jpg
./calib_images/3 (56).jpg
./calib_images/2 (89).jpg
./calib_images/10 (144).jpg
./calib_images/3 (73).jpg
./calib_images/3 (33).jpg
./calib_images/10 (42).jpg
./calib_images/10 (39).jpg
./calib_images/3 (44).jpg
./calib_images/8 (84).jpg
./calib_images/8 (89).jpg
./calib_images/2 (112).jpg
./calib_images/4 (111).jpg
./calib_images/6 (21).jpg
./calib_images/9 (16).jpg
./calib_images/6 (29).jpg
./calib_images/4 (124).jpg
./calib_images/3 (84).jpg
./calib_images/040.jpg
./calib_images/5 (50).jpg
./calib_images/007.jpg
./calib_images/9 (11).jpg
./calib_images/024.jpg
./calib_images/5 (81).jpg
./calib_images/3 (69).jpg
./calib_images/10 (57).jpg
./calib_images/9 (24).jpg
./calib_images/4 (102).jpg
./calib_images/089.jpg
./calib_images/001.jpg
./calib_images/8 (52).jpg
./calib_images/9 (127).jpg
./calib_images/4 (118).jpg
./calib_images/9 (44).jpg
./calib_images/10 (32).jpg
./calib_images/3 (142).jpg
./calib_images/9 (117).jpg
./calib_images/4 (26).jpg
./calib_images/10 (70).jpg
./calib_images/10 (26).jpg
./calib_images/3 (42).jpg
./calib_images/3 (95).jpg
./calib_images/10 (125).jpg
./calib_images/10 (7).jpg
./calib_images/8 (122).jpg
./calib_images/5.jpg
./calib_images/8 (9).jpg
./calib_images/6 (8).jpg
./calib_images/4 (36).jpg
./calib_images/8 (58).jpg
./calib_images/8 (35).jpg
./calib_images/2 (129).jpg
./calib_images/10 (44).jpg
./calib_images/026.jpg
./calib_images/3 (129).jpg
./calib_images/114.jpg
./calib_images/6 (59).jpg
./calib_images/4 (68).jpg
./calib_images/2 (77).jpg
./calib_images/4 (3).jpg
./calib_images/9 (47).jpg
./calib_images/2 (2).jpg
./calib_images/112.jpg
./calib_images/5 (67).jpg
./calib_images/8 (95).jpg
./calib_images/8 (43).jpg
./calib_images/4 (40).jpg
./calib_images/3 (160).jpg
./calib_images/10 (110).jpg
./calib_images/10 (148).jpg
./calib_images/3 (78).jpg
./calib_images/5 (24).jpg
./calib_images/2 (121).jpg
./calib_images/10 (66).jpg
./calib_images/10 (30).jpg
./calib_images/3 (70).jpg
./calib_images/4 (71).jpg
./calib_images/9 (51).jpg
./calib_images/3 (155).jpg
./calib_images/3 (138).jpg
./calib_images/3 (116).jpg
./calib_images/4 (6).jpg
./calib_images/4 (50).jpg
./calib_images/6 (6).jpg
./calib_images/5 (54).jpg
./calib_images/4 (85).jpg
./calib_images/2 (124).jpg
./calib_images/4 (83).jpg
./calib_images/9 (72).jpg
./calib_images/10 (103).jpg
./calib_images/3 (158).jpg
./calib_images/097.jpg
./calib_images/5 (90).jpg
./calib_images/3 (17).jpg
./calib_images/3 (20).jpg
./calib_images/5 (17).jpg
./calib_images/3 (105).jpg
./calib_images/2 (30).jpg
./calib_images/032.jpg
./calib_images/2 (85).jpg
./calib_images/8 (108).jpg
./calib_images/4 (21).jpg
./calib_images/10 (161).jpg
./calib_images/10 (20).jpg
./calib_images/2 (117).jpg
./calib_images/9 (113).jpg
./calib_images/2 (110).jpg
./calib_images/8 (68).jpg
./calib_images/9 (105).jpg
./calib_images/8 (51).jpg
./calib_images/9 (56).jpg
./calib_images/2 (23).jpg
./calib_images/068.jpg
./calib_images/130.jpg
./calib_images/8 (75).jpg
./calib_images/2 (10).jpg
./calib_images/2 (57).jpg
./calib_images/6 (24).jpg
./calib_images/10 (17).jpg
./calib_images/8 (128).jpg
./calib_images/9 (66).jpg
./calib_images/038.jpg
./calib_images/5 (96).jpg
./calib_images/9 (23).jpg
./calib_images/8 (99).jpg
./calib_images/2 (58).jpg
./calib_images/8 (120).jpg
./calib_images/3 (156).jpg
./calib_images/2 (104).jpg
./calib_images/6 (32).jpg
./calib_images/10 (23).jpg
./calib_images/2 (43).jpg
./calib_images/2 (73).jpg
./calib_images/5 (29).jpg
./calib_images/9 (17).jpg
./calib_images/6 (15).jpg
./calib_images/3 (118).jpg
./calib_images/4 (114).jpg
./calib_images/9 (87).jpg
./calib_images/2 (65).jpg
./calib_images/9 (29).jpg
./calib_images/3 (154).jpg
./calib_images/2 (103).jpg
./calib_images/6 (66).jpg
./calib_images/9 (130).jpg
./calib_images/3 (102).jpg
./calib_images/9 (49).jpg
./calib_images/10 (14).jpg
./calib_images/10 (3).jpg
./calib_images/9 (119).jpg
./calib_images/10 (94).jpg
./calib_images/10 (152).jpg
./calib_images/8 (10).jpg
./calib_images/3 (140).jpg
./calib_images/6 (37).jpg
./calib_images/4 (74).jpg
./calib_images/10 (69).jpg
./calib_images/8 (90).jpg
./calib_images/4 (34).jpg
./calib_images/4 (75).jpg
./calib_images/4 (105).jpg
./calib_images/9 (103).jpg
./calib_images/6 (49).jpg
./calib_images/4 (53).jpg
./calib_images/077.jpg
./calib_images/6 (39).jpg2020-12-05 14:01:06.598658: W tensorflow/core/framework/cpu_allocator_impl.cc:81] Allocation of 1556160896 exceeds 10% of system memory.
2020-12-05 14:01:07.260114: W tensorflow/core/framework/cpu_allocator_impl.cc:81] Allocation of 1556160896 exceeds 10% of system memory.
                                                                                50% (1 of 2) |#############             | Elapsed Time: 0:01:07 ETA:   0:01:07
./calib_images/5 (15).jpg
./calib_images/4 (80).jpg
./calib_images/9 (40).jpg
./calib_images/2 (144).jpg
./calib_images/2 (114).jpg
./calib_images/2 (68).jpg
./calib_images/10 (149).jpg
./calib_images/5 (25).jpg
./calib_images/2 (122).jpg
./calib_images/5 (53).jpg
./calib_images/088.jpg
./calib_images/2 (80).jpg
./calib_images/2 (46).jpg
./calib_images/8 (32).jpg
./calib_images/4 (90).jpg
./calib_images/3 (65).jpg
./calib_images/3 (76).jpg
./calib_images/6 (97).jpg
./calib_images/5 (64).jpg
./calib_images/10 (88).jpg
./calib_images/10 (67).jpg
./calib_images/10 (132).jpg
./calib_images/4.jpg
./calib_images/8 (18).jpg
./calib_images/9 (81).jpg
./calib_images/3 (114).jpg
./calib_images/3 (109).jpg
./calib_images/4 (107).jpg
./calib_images/3 (149).jpg
./calib_images/4 (93).jpg
./calib_images/4 (92).jpg
./calib_images/8 (106).jpg
./calib_images/5 (69).jpg
./calib_images/3 (43).jpg
./calib_images/8 (16).jpg
./calib_images/2 (135).jpg
./calib_images/10 (91).jpg
./calib_images/10 (120).jpg
./calib_images/5 (87).jpg
./calib_images/5 (99).jpg
./calib_images/4 (27).jpg
./calib_images/4 (109).jpg
./calib_images/5 (84).jpg
./calib_images/3 (66).jpg
./calib_images/8 (34).jpg
./calib_images/8 (66).jpg
./calib_images/4 (82).jpg
./calib_images/9 (15).jpg
./calib_images/028.jpg
./calib_images/2 (25).jpg
./calib_images/3 (107).jpg
./calib_images/8 (102).jpg
./calib_images/8 (30).jpg
./calib_images/2 (51).jpg
./calib_images/4 (38).jpg
./calib_images/062.jpg
./calib_images/10 (65).jpg
./calib_images/10 (115).jpg
./calib_images/3 (5).jpg
./calib_images/10 (109).jpg
./calib_images/4 (31).jpg
./calib_images/4 (11).jpg
./calib_images/2 (1).jpg
./calib_images/5 (22).jpg
./calib_images/2 (134).jpg
./calib_images/3 (110).jpg
./calib_images/6 (108).jpg
./calib_images/10 (72).jpg
./calib_images/3 (148).jpg
./calib_images/10 (60).jpg
./calib_images/052.jpg
./calib_images/6 (62).jpg
./calib_images/8 (71).jpg
./calib_images/4 (43).jpg
./calib_images/8 (40).jpg
./calib_images/10 (78).jpg
./calib_images/3 (35).jpg
./calib_images/6 (65).jpg
./calib_images/5 (33).jpg
./calib_images/094.jpg
./calib_images/6 (96).jpg
./calib_images/3 (136).jpg
./calib_images/6 (52).jpg
./calib_images/5 (55).jpg
./calib_images/2 (38).jpg
./calib_images/5 (47).jpg
./calib_images/5 (3).jpg
./calib_images/4 (106).jpg
./calib_images/3 (150).jpg
./calib_images/2 (128).jpg
./calib_images/091.jpg
./calib_images/4 (49).jpg
./calib_images/3 (86).jpg
./calib_images/9 (132).jpg
./calib_images/2 (7).jpg
./calib_images/4 (108).jpg
./calib_images/3 (72).jpg
./calib_images/3 (6).jpg
./calib_images/9 (67).jpg
./calib_images/4 (16).jpg
number of calibration images :  1228
[307, 308, 309, 310, 311, 312, 313, 314, 315, 316, 317, 318, 319, 320, 321, 322, 323, 324, 325, 326, 327, 328, 329, 330, 331, 332, 333, 334, 335, 336, 337, 338, 339, 340, 341, 342, 343, 344, 345, 346, 347, 348, 349, 350, 351, 352, 353, 354, 355, 356, 357, 358, 359, 360, 361, 362, 363, 364, 365, 366, 367, 368, 369, 370, 371, 372, 373, 374, 375, 376, 377, 378, 379, 380, 381, 382, 383, 384, 385, 386, 387, 388, 389, 390, 391, 392, 393, 394, 395, 396, 397, 398, 399, 400, 401, 402, 403, 404, 405, 406, 407, 408, 409, 410, 411, 412, 413, 414, 415, 416, 417, 418, 419, 420, 421, 422, 423, 424, 425, 426, 427, 428, 429, 430, 431, 432, 433, 434, 435, 436, 437, 438, 439, 440, 441, 442, 443, 444, 445, 446, 447, 448, 449, 450, 451, 452, 453, 454, 455, 456, 457, 458, 459, 460, 461, 462, 463, 464, 465, 466, 467, 468, 469, 470, 471, 472, 473, 474, 475, 476, 477, 478, 479, 480, 481, 482, 483, 484, 485, 486, 487, 488, 489, 490, 491, 492, 493, 494, 495, 496, 497, 498, 499, 500, 501, 502, 503, 504, 505, 506, 507, 508, 509, 510, 511, 512, 513, 514, 515, 516, 517, 518, 519, 520, 521, 522, 523, 524, 525, 526, 527, 528, 529, 530, 531, 532, 533, 534, 535, 536, 537, 538, 539, 540, 541, 542, 543, 544, 545, 546, 547, 548, 549, 550, 551, 552, 553, 554, 555, 556, 557, 558, 559, 560, 561, 562, 563, 564, 565, 566, 567, 568, 569, 570, 571, 572, 573, 574, 575, 576, 577, 578, 579, 580, 581, 582, 583, 584, 585, 586, 587, 588, 589, 590, 591, 592, 593, 594, 595, 596, 597, 598, 599, 600, 601, 602, 603, 604, 605, 606, 607, 608, 609, 610, 611, 612, 613]
./calib_images/2 (16).jpg
./calib_images/4 (89).jpg
./calib_images/124.jpg
./calib_images/2 (70).jpg
./calib_images/6 (79).jpg
./calib_images/5 (63).jpg
./calib_images/065.jpg
./calib_images/3 (52).jpg
./calib_images/8 (57).jpg
./calib_images/128.jpg
./calib_images/5 (109).jpg
./calib_images/3 (15).jpg
./calib_images/2 (131).jpg
./calib_images/2 (105).jpg
./calib_images/078.jpg
./calib_images/013.jpg
./calib_images/10 (80).jpg
./calib_images/9 (134).jpg
./calib_images/6 (106).jpg
./calib_images/2 (59).jpg
./calib_images/3 (146).jpg
./calib_images/4 (96).jpg
./calib_images/096.jpg
./calib_images/3 (30).jpg
./calib_images/10 (158).jpg
./calib_images/8 (92).jpg
./calib_images/2 (64).jpg
./calib_images/5 (110).jpg
./calib_images/5 (7).jpg
./calib_images/9 (8).jpg
./calib_images/2 (126).jpg
./calib_images/8 (6).jpg
./calib_images/2 (132).jpg
./calib_images/3 (47).jpg
./calib_images/8 (26).jpg
./calib_images/5 (102).jpg
./calib_images/9 (46).jpg
./calib_images/6 (43).jpg
./calib_images/6 (89).jpg
./calib_images/022.jpg
./calib_images/2 (22).jpg
./calib_images/2 (93).jpg
./calib_images/9 (104).jpg
./calib_images/5 (52).jpg
./calib_images/4 (58).jpg
./calib_images/5 (56).jpg
./calib_images/3 (111).jpg
./calib_images/5 (51).jpg
./calib_images/055.jpg
./calib_images/10 (64).jpg
./calib_images/10 (24).jpg
./calib_images/2 (72).jpg
./calib_images/10 (131).jpg
./calib_images/2 (140).jpg
./calib_images/6 (71).jpg
./calib_images/3 (28).jpg
./calib_images/4 (35).jpg
./calib_images/6 (3).jpg
./calib_images/2 (54).jpg
./calib_images/6 (68).jpg
./calib_images/046.jpg
./calib_images/3 (37).jpg
./calib_images/3 (53).jpg
./calib_images/2 (138).jpg
./calib_images/8 (72).jpg
./calib_images/10 (101).jpg
./calib_images/5 (60).jpg
./calib_images/10 (87).jpg
./calib_images/10 (19).jpg
./calib_images/5 (31).jpg
./calib_images/8 (119).jpg
./calib_images/10 (128).jpg
./calib_images/092.jpg
./calib_images/6 (85).jpg
./calib_images/2 (48).jpg
./calib_images/8 (12).jpg
./calib_images/8 (15).jpg
./calib_images/4 (2).jpg
./calib_images/2 (100).jpg
./calib_images/3 (144).jpg
./calib_images/3 (147).jpg
./calib_images/3 (81).jpg
./calib_images/5 (10).jpg
./calib_images/016.jpg
./calib_images/5 (18).jpg
./calib_images/4 (17).jpg
./calib_images/9 (35).jpg
./calib_images/6 (99).jpg
./calib_images/6 (104).jpg
./calib_images/2 (113).jpg
./calib_images/6 (13).jpg
./calib_images/069.jpg
./calib_images/8 (110).jpg
./calib_images/10 (163).jpg
./calib_images/8 (33).jpg
./calib_images/2 (74).jpg
./calib_images/3 (24).jpg
./calib_images/075.jpg
./calib_images/6 (61).jpg
./calib_images/5 (107).jpg
./calib_images/2 (41).jpg
./calib_images/6 (22).jpg
./calib_images/3 (38).jpg
./calib_images/2 (90).jpg
./calib_images/10 (71).jpg
./calib_images/4 (99).jpg
./calib_images/9 (69).jpg
./calib_images/8 (82).jpg
./calib_images/9 (123).jpg
./calib_images/6 (54).jpg
./calib_images/8 (121).jpg
./calib_images/4 (98).jpg
./calib_images/10 (55).jpg
./calib_images/059.jpg
./calib_images/9 (98).jpg
./calib_images/10 (122).jpg
./calib_images/2 (123).jpg
./calib_images/4 (121).jpg
./calib_images/2 (99).jpg
./calib_images/6 (35).jpg
./calib_images/8 (85).jpg
./calib_images/5 (106).jpg
./calib_images/9 (54).jpg
./calib_images/4 (48).jpg
./calib_images/8 (79).jpg
./calib_images/5 (19).jpg
./calib_images/10 (85).jpg
./calib_images/8 (44).jpg
./calib_images/3 (135).jpg
./calib_images/021.jpg
./calib_images/6 (4).jpg
./calib_images/2 (67).jpg
./calib_images/8 (80).jpg
./calib_images/6 (5).jpg
./calib_images/4 (78).jpg
./calib_images/9 (33).jpg
./calib_images/6 (31).jpg
./calib_images/5 (12).jpg
./calib_images/5 (70).jpg
./calib_images/10 (139).jpg
./calib_images/10 (86).jpg
./calib_images/3 (157).jpg
./calib_images/5 (36).jpg
./calib_images/4 (29).jpg
./calib_images/117.jpg
./calib_images/4 (81).jpg
./calib_images/8 (124).jpg
./calib_images/9 (59).jpg
./calib_images/4 (1).jpg
./calib_images/2 (96).jpg
./calib_images/2 (87).jpg
./calib_images/10 (49).jpg
./calib_images/5 (85).jpg
./calib_images/9 (68).jpg
./calib_images/041.jpg2020-12-05 14:02:14.387725: W tensorflow/core/framework/cpu_allocator_impl.cc:81] Allocation of 1556160896 exceeds 10% of system memory.
2020-12-05 14:02:15.043992: W tensorflow/core/framework/cpu_allocator_impl.cc:81] Allocation of 1556160896 exceeds 10% of system memory.
                                                                               100% (2 of 2) |##########################| Elapsed Time: 0:02:15 Time:  0:02:15

./calib_images/2 (97).jpg
./calib_images/5 (77).jpg
./calib_images/5 (72).jpg
./calib_images/8 (74).jpg
./calib_images/9 (74).jpg
./calib_images/4 (18).jpg
./calib_images/127.jpg
./calib_images/9 (73).jpg
./calib_images/9 (48).jpg
./calib_images/10 (157).jpg
./calib_images/5 (13).jpg
./calib_images/8 (3).jpg
./calib_images/3 (50).jpg
./calib_images/9 (58).jpg
./calib_images/9 (106).jpg
./calib_images/3 (79).jpg
./calib_images/8 (61).jpg
./calib_images/079.jpg
./calib_images/5 (57).jpg
./calib_images/3 (10).jpg
./calib_images/099.jpg
./calib_images/4 (86).jpg
./calib_images/9 (36).jpg
./calib_images/9 (19).jpg
./calib_images/10 (8).jpg
./calib_images/5 (14).jpg
./calib_images/9 (22).jpg
./calib_images/9 (42).jpg
./calib_images/6 (25).jpg
./calib_images/10 (90).jpg
./calib_images/3 (125).jpg
./calib_images/10 (28).jpg
./calib_images/5 (49).jpg
./calib_images/4 (55).jpg
./calib_images/10 (9).jpg
./calib_images/5 (91).jpg
./calib_images/10 (104).jpg
./calib_images/4 (12).jpg
./calib_images/5 (111).jpg
./calib_images/3 (127).jpg
./calib_images/6 (46).jpg
./calib_images/9 (34).jpg
./calib_images/2 (13).jpg
./calib_images/8 (19).jpg
./calib_images/3 (21).jpg
./calib_images/102.jpg
./calib_images/2 (26).jpg
./calib_images/2 (15).jpg
./calib_images/9 (2).jpg
./calib_images/2 (35).jpg
./calib_images/4 (24).jpg
./calib_images/3 (3).jpg
./calib_images/10 (135).jpg
./calib_images/9 (4).jpg
./calib_images/3 (117).jpg
./calib_images/2 (109).jpg
./calib_images/6 (73).jpg
./calib_images/111.jpg
./calib_images/4 (63).jpg
./calib_images/3 (165).jpg
./calib_images/3 (145).jpg
./calib_images/8 (69).jpg
./calib_images/101.jpg
./calib_images/3 (94).jpg
./calib_images/2 (31).jpg
./calib_images/10 (154).jpg
./calib_images/10 (141).jpg
./calib_images/10 (27).jpg
./calib_images/5 (39).jpg
./calib_images/4 (37).jpg
./calib_images/4 (116).jpg
./calib_images/3 (120).jpg
./calib_images/3 (13).jpg
./calib_images/10 (34).jpg
./calib_images/8 (118).jpg
./calib_images/8 (45).jpg
./calib_images/2 (60).jpg
./calib_images/070.jpg
./calib_images/051.jpg
./calib_images/014.jpg
./calib_images/8 (27).jpg
./calib_images/4 (5).jpg
./calib_images/6 (33).jpg
./calib_images/6 (40).jpg
./calib_images/2 (139).jpg
./calib_images/3 (59).jpg
./calib_images/10 (116).jpg
./calib_images/4 (22).jpg
./calib_images/137.jpg
./calib_images/6 (87).jpg
./calib_images/3 (26).jpg
./calib_images/8 (39).jpg
./calib_images/9 (62).jpg
./calib_images/3 (126).jpg
./calib_images/3 (153).jpg
./calib_images/5 (105).jpg
./calib_images/072.jpg
./calib_images/2 (53).jpg
./calib_images/036.jpg
./calib_images/2 (69).jpg
./calib_images/083.jpg
./calib_images/2 (91).jpg
./calib_images/4 (9).jpg
./calib_images/064.jpg
./calib_images/060.jpg
./calib_images/10 (130).jpg
./calib_images/3 (141).jpg
./calib_images/9 (1).jpg
./calib_images/6 (26).jpg
./calib_images/043.jpg
./calib_images/3 (128).jpg
./calib_images/6 (58).jpg
./calib_images/120.jpg
./calib_images/5 (101).jpg
./calib_images/2 (71).jpg
./calib_images/9 (118).jpg
./calib_images/082.jpg
./calib_images/8 (115).jpg
./calib_images/5 (6).jpg
./calib_images/6 (7).jpg
./calib_images/10 (145).jpg
./calib_images/3 (57).jpg
./calib_images/3 (67).jpg
./calib_images/3 (104).jpg
./calib_images/3 (96).jpg
./calib_images/2 (36).jpg
./calib_images/10 (35).jpg
./calib_images/6 (14).jpg
./calib_images/8 (94).jpg
./calib_images/8 (7).jpg
./calib_images/008.jpg
./calib_images/10 (142).jpg
./calib_images/4 (122).jpg
./calib_images/8 (87).jpg
./calib_images/2 (20).jpg
./calib_images/9 (43).jpg
./calib_images/3 (163).jpg
./calib_images/10 (93).jpg
./calib_images/10 (105).jpg
./calib_images/2 (82).jpg
./calib_images/10 (147).jpg
./calib_images/5 (92).jpg
./calib_images/4 (30).jpg
./calib_images/10 (143).jpg
./calib_images/10 (121).jpg
./calib_images/2 (79).jpg
./calib_images/10 (129).jpg
./calib_images/4 (59).jpg
./calib_images/034.jpg
./calib_images/6 (83).jpg
./calib_images/002.jpg
./calib_images/4 (15).jpg
INFO: Calibration Done.
INFO: Generating Deploy Model...
INFO: Deploy Model Generated.
********************* Quantization Summary *********************      
INFO: Output:       
  quantize_eval_model: ./build/quantize/quantize_eval_model.pb       
  deploy_model: ./build/quantize/deploy_model.pb
